#
# There is insufficient memory for the Java Runtime Environment to continue.
# Native memory allocation (malloc) failed to allocate 625776 bytes for Chunk::new
# Possible reasons:
#   The system is out of physical RAM or swap space
#   The process is running with CompressedOops enabled, and the Java Heap may be blocking the growth of the native heap
# Possible solutions:
#   Reduce memory load on the system
#   Increase physical memory or swap space
#   Check if swap backing store is full
#   Decrease Java heap size (-Xmx/-Xms)
#   Decrease number of Java threads
#   Decrease Java thread stack sizes (-Xss)
#   Set larger code cache with -XX:ReservedCodeCacheSize=
#   JVM is running with Unscaled Compressed Oops mode in which the Java heap is
#     placed in the first 4GB address space. The Java Heap base address is the
#     maximum limit for the native heap growth. Please use -XX:HeapBaseMinAddress
#     to set the Java Heap base and to place the Java Heap above 4GB virtual address.
# This output file may be truncated or incomplete.
#
#  Out of Memory Error (arena.cpp:168), pid=18792, tid=18920
#
# JRE version: Java(TM) SE Runtime Environment (21.0.2+13) (build 21.0.2+13-LTS-58)
# Java VM: Java HotSpot(TM) 64-Bit Server VM (21.0.2+13-LTS-58, mixed mode, sharing, tiered, compressed oops, compressed class ptrs, g1 gc, windows-amd64)
# No core dump will be written. Minidumps are not enabled by default on client versions of Windows
#

---------------  S U M M A R Y ------------

Command Line: -javaagent:C:\Program Files\JetBrains\IntelliJ IDEA Community Edition 2023.3\lib\idea_rt.jar=54905:C:\Program Files\JetBrains\IntelliJ IDEA Community Edition 2023.3\bin -Dfile.encoding=UTF-8 -Dsun.stdout.encoding=UTF-8 -Dsun.stderr.encoding=UTF-8 com.ademass.movies.MoviesApplication

Host: Intel(R) Core(TM) i7-7700 CPU @ 3.60GHz, 8 cores, 7G,  Windows 10 , 64 bit Build 19041 (10.0.19041.3636)
Time: Tue May 28 15:39:21 2024 Hora est. Pacífico, Sudamérica elapsed time: 1.384212 seconds (0d 0h 0m 1s)

---------------  T H R E A D  ---------------

Current thread (0x000001f46ee43900):  JavaThread "C2 CompilerThread2" daemon [_thread_in_native, id=18920, stack(0x0000005e4f700000,0x0000005e4f800000) (1024K)]


Current CompileTask:
C2:   1384 2148   !   4       java.net.URL::<init> (543 bytes)

Stack: [0x0000005e4f700000,0x0000005e4f800000]
Native frames: (J=compiled Java code, j=interpreted, Vv=VM code, C=native code)
V  [jvm.dll+0x6cade9]
V  [jvm.dll+0x8569c1]
V  [jvm.dll+0x858d2e]
V  [jvm.dll+0x859413]
V  [jvm.dll+0x280e56]
V  [jvm.dll+0xc3f3d]
V  [jvm.dll+0xc4473]
V  [jvm.dll+0x2f437f]
V  [jvm.dll+0x5f5056]
V  [jvm.dll+0x252d7f]
V  [jvm.dll+0x25315f]
V  [jvm.dll+0x24b8e0]
V  [jvm.dll+0x2490a3]
V  [jvm.dll+0x1c9634]
V  [jvm.dll+0x258859]
V  [jvm.dll+0x256e3a]
V  [jvm.dll+0x3ef6c6]
V  [jvm.dll+0x7ff568]
V  [jvm.dll+0x6c953d]
C  [ucrtbase.dll+0x21bb2]
C  [KERNEL32.DLL+0x17344]
C  [ntdll.dll+0x526b1]


---------------  P R O C E S S  ---------------

Threads class SMR info:
_java_thread_list=0x000001f4740b2610, length=16, elements={
0x000001f44fe4a950, 0x000001f46e8106d0, 0x000001f46e812340, 0x000001f46e812fa0,
0x000001f46e813c00, 0x000001f46e816fe0, 0x000001f46e817a40, 0x000001f46e824800,
0x000001f46eb78090, 0x000001f46ec670f0, 0x000001f46ee43250, 0x000001f46ee43900,
0x000001f46eecf830, 0x000001f4730c7250, 0x000001f4733cbe00, 0x000001f4735e6b30
}

Java Threads: ( => current thread )
  0x000001f44fe4a950 JavaThread "main"                              [_thread_blocked, id=18848, stack(0x0000005e4e500000,0x0000005e4e600000) (1024K)]
  0x000001f46e8106d0 JavaThread "Reference Handler"          daemon [_thread_blocked, id=18880, stack(0x0000005e4ed00000,0x0000005e4ee00000) (1024K)]
  0x000001f46e812340 JavaThread "Finalizer"                  daemon [_thread_blocked, id=18884, stack(0x0000005e4ee00000,0x0000005e4ef00000) (1024K)]
  0x000001f46e812fa0 JavaThread "Signal Dispatcher"          daemon [_thread_blocked, id=18888, stack(0x0000005e4ef00000,0x0000005e4f000000) (1024K)]
  0x000001f46e813c00 JavaThread "Attach Listener"            daemon [_thread_blocked, id=18892, stack(0x0000005e4f000000,0x0000005e4f100000) (1024K)]
  0x000001f46e816fe0 JavaThread "Service Thread"             daemon [_thread_blocked, id=18896, stack(0x0000005e4f100000,0x0000005e4f200000) (1024K)]
  0x000001f46e817a40 JavaThread "Monitor Deflation Thread"   daemon [_thread_blocked, id=18900, stack(0x0000005e4f200000,0x0000005e4f300000) (1024K)]
  0x000001f46e824800 JavaThread "C2 CompilerThread0"         daemon [_thread_in_native, id=18904, stack(0x0000005e4f300000,0x0000005e4f400000) (1024K)]
  0x000001f46eb78090 JavaThread "C1 CompilerThread0"         daemon [_thread_in_native, id=18908, stack(0x0000005e4f400000,0x0000005e4f500000) (1024K)]
  0x000001f46ec670f0 JavaThread "Common-Cleaner"             daemon [_thread_blocked, id=18912, stack(0x0000005e4f500000,0x0000005e4f600000) (1024K)]
  0x000001f46ee43250 JavaThread "C2 CompilerThread1"         daemon [_thread_in_native, id=18916, stack(0x0000005e4f600000,0x0000005e4f700000) (1024K)]
=>0x000001f46ee43900 JavaThread "C2 CompilerThread2"         daemon [_thread_in_native, id=18920, stack(0x0000005e4f700000,0x0000005e4f800000) (1024K)]
  0x000001f46eecf830 JavaThread "Monitor Ctrl-Break"         daemon [_thread_in_native, id=18956, stack(0x0000005e4f800000,0x0000005e4f900000) (1024K)]
  0x000001f4730c7250 JavaThread "Notification Thread"        daemon [_thread_blocked, id=18960, stack(0x0000005e4f900000,0x0000005e4fa00000) (1024K)]
  0x000001f4733cbe00 JavaThread "Thread-0"                          [_thread_blocked, id=19076, stack(0x0000005e4fa00000,0x0000005e4fb00000) (1024K)]
  0x000001f4735e6b30 JavaThread "restartedMain"                     [_thread_in_vm, id=19080, stack(0x0000005e4fb00000,0x0000005e4fc00000) (1024K)]
Total: 16

Other Threads:
  0x000001f46e7f0c60 VMThread "VM Thread"                           [id=18876, stack(0x0000005e4ec00000,0x0000005e4ed00000) (1024K)]
  0x000001f46e7da760 WatcherThread "VM Periodic Task Thread"        [id=18872, stack(0x0000005e4eb00000,0x0000005e4ec00000) (1024K)]
  0x000001f4520fe0e0 WorkerThread "GC Thread#0"                     [id=18852, stack(0x0000005e4e600000,0x0000005e4e700000) (1024K)]
  0x000001f4737ca1e0 WorkerThread "GC Thread#1"                     [id=19084, stack(0x0000005e4fc00000,0x0000005e4fd00000) (1024K)]
  0x000001f4737ca580 WorkerThread "GC Thread#2"                     [id=19088, stack(0x0000005e4fd00000,0x0000005e4fe00000) (1024K)]
  0x000001f4739cc060 WorkerThread "GC Thread#3"                     [id=19092, stack(0x0000005e4fe00000,0x0000005e4ff00000) (1024K)]
  0x000001f4739cc400 WorkerThread "GC Thread#4"                     [id=19096, stack(0x0000005e4ff00000,0x0000005e50000000) (1024K)]
  0x000001f4739ccc20 WorkerThread "GC Thread#5"                     [id=19100, stack(0x0000005e50000000,0x0000005e50100000) (1024K)]
  0x000001f473ca6e90 WorkerThread "GC Thread#6"                     [id=19176, stack(0x0000005e50200000,0x0000005e50300000) (1024K)]
  0x000001f473f767c0 WorkerThread "GC Thread#7"                     [id=19180, stack(0x0000005e50300000,0x0000005e50400000) (1024K)]
  0x000001f45210ed80 ConcurrentGCThread "G1 Main Marker"            [id=18856, stack(0x0000005e4e700000,0x0000005e4e800000) (1024K)]
  0x000001f45210fa30 WorkerThread "G1 Conc#0"                       [id=18860, stack(0x0000005e4e800000,0x0000005e4e900000) (1024K)]
  0x000001f46e6a0430 ConcurrentGCThread "G1 Refine#0"               [id=18864, stack(0x0000005e4e900000,0x0000005e4ea00000) (1024K)]
  0x000001f46e6a0fa0 ConcurrentGCThread "G1 Service"                [id=18868, stack(0x0000005e4ea00000,0x0000005e4eb00000) (1024K)]
Total: 14

Threads with active compile tasks:
C2 CompilerThread0     1633 2281       4       org.springframework.boot.autoconfigure.AutoConfigurationSorter$AutoConfigurationClasses$$Lambda/0x000001f401236c68::accept (20 bytes)
C1 CompilerThread0     1633 2355       3       org.springframework.util.StringUtils::cleanPath (322 bytes)
C2 CompilerThread1     1633 2345   !   4       java.util.zip.InflaterInputStream::read (129 bytes)
C2 CompilerThread2     1633 2148   !   4       java.net.URL::<init> (543 bytes)
Total: 4

VM state: not at safepoint (normal execution)

VM Mutex/Monitor currently owned by a thread:  ([mutex/lock_event])
[0x00007ffb8eedace8] Metaspace_lock - owner thread: 0x000001f4735e6b30

Heap address: 0x0000000081e00000, size: 2018 MB, Compressed Oops mode: 32-bit

CDS archive(s) mapped at: [0x000001f400000000-0x000001f400c90000-0x000001f400c90000), size 13172736, SharedBaseAddress: 0x000001f400000000, ArchiveRelocationMode: 1.
Compressed class space mapped at: 0x000001f401000000-0x000001f441000000, reserved size: 1073741824
Narrow klass base: 0x000001f400000000, Narrow klass shift: 0, Narrow klass range: 0x100000000

GC Precious Log:
 CardTable entry size: 512
 Card Set container configuration: InlinePtr #cards 5 size 8 Array Of Cards #cards 12 size 40 Howl #buckets 4 coarsen threshold 1843 Howl Bitmap #cards 512 size 80 coarsen threshold 460 Card regions per heap region 1 cards per card region 2048
 CPUs: 8 total, 8 available
 Memory: 8071M
 Large Page Support: Disabled
 NUMA Support: Disabled
 Compressed Oops: Enabled (32-bit)
 Heap Region Size: 1M
 Heap Min Capacity: 8M
 Heap Initial Capacity: 128M
 Heap Max Capacity: 2018M
 Pre-touch: Disabled
 Parallel Workers: 8
 Concurrent Workers: 2
 Concurrent Refinement Workers: 8
 Periodic GC: Disabled

Heap:
 garbage-first heap   total 131072K, used 34343K [0x0000000081e00000, 0x0000000100000000)
  region size 1024K, 29 young (29696K), 3 survivors (3072K)
 Metaspace       used 18630K, committed 18944K, reserved 1114112K
  class space    used 2277K, committed 2432K, reserved 1048576K

Heap Regions: E=young(eden), S=young(survivor), O=old, HS=humongous(starts), HC=humongous(continues), CS=collection set, F=free, TAMS=top-at-mark-start, PB=parsable bottom
|   0|0x0000000081e00000, 0x0000000081f00000, 0x0000000081f00000|100%|HS|  |TAMS 0x0000000081e00000| PB 0x0000000081e00000| Complete 
|   1|0x0000000081f00000, 0x0000000082000000, 0x0000000082000000|100%| O|  |TAMS 0x0000000081f00000| PB 0x0000000081f00000| Untracked 
|   2|0x0000000082000000, 0x0000000082100000, 0x0000000082100000|100%| O|  |TAMS 0x0000000082000000| PB 0x0000000082000000| Untracked 
|   3|0x0000000082100000, 0x0000000082200000, 0x0000000082200000|100%| O|  |TAMS 0x0000000082100000| PB 0x0000000082100000| Untracked 
|   4|0x0000000082200000, 0x0000000082300000, 0x0000000082300000|100%| O|  |TAMS 0x0000000082200000| PB 0x0000000082200000| Untracked 
|   5|0x0000000082300000, 0x0000000082400000, 0x0000000082400000|100%| O|  |TAMS 0x0000000082300000| PB 0x0000000082300000| Untracked 
|   6|0x0000000082400000, 0x00000000824a25e0, 0x0000000082500000| 63%| O|  |TAMS 0x0000000082400000| PB 0x0000000082400000| Untracked 
|   7|0x0000000082500000, 0x0000000082500000, 0x0000000082600000|  0%| F|  |TAMS 0x0000000082500000| PB 0x0000000082500000| Untracked 
|   8|0x0000000082600000, 0x0000000082600000, 0x0000000082700000|  0%| F|  |TAMS 0x0000000082600000| PB 0x0000000082600000| Untracked 
|   9|0x0000000082700000, 0x0000000082700000, 0x0000000082800000|  0%| F|  |TAMS 0x0000000082700000| PB 0x0000000082700000| Untracked 
|  10|0x0000000082800000, 0x0000000082800000, 0x0000000082900000|  0%| F|  |TAMS 0x0000000082800000| PB 0x0000000082800000| Untracked 
|  11|0x0000000082900000, 0x0000000082900000, 0x0000000082a00000|  0%| F|  |TAMS 0x0000000082900000| PB 0x0000000082900000| Untracked 
|  12|0x0000000082a00000, 0x0000000082a00000, 0x0000000082b00000|  0%| F|  |TAMS 0x0000000082a00000| PB 0x0000000082a00000| Untracked 
|  13|0x0000000082b00000, 0x0000000082b00000, 0x0000000082c00000|  0%| F|  |TAMS 0x0000000082b00000| PB 0x0000000082b00000| Untracked 
|  14|0x0000000082c00000, 0x0000000082c00000, 0x0000000082d00000|  0%| F|  |TAMS 0x0000000082c00000| PB 0x0000000082c00000| Untracked 
|  15|0x0000000082d00000, 0x0000000082d00000, 0x0000000082e00000|  0%| F|  |TAMS 0x0000000082d00000| PB 0x0000000082d00000| Untracked 
|  16|0x0000000082e00000, 0x0000000082e00000, 0x0000000082f00000|  0%| F|  |TAMS 0x0000000082e00000| PB 0x0000000082e00000| Untracked 
|  17|0x0000000082f00000, 0x0000000082f00000, 0x0000000083000000|  0%| F|  |TAMS 0x0000000082f00000| PB 0x0000000082f00000| Untracked 
|  18|0x0000000083000000, 0x0000000083000000, 0x0000000083100000|  0%| F|  |TAMS 0x0000000083000000| PB 0x0000000083000000| Untracked 
|  19|0x0000000083100000, 0x0000000083100000, 0x0000000083200000|  0%| F|  |TAMS 0x0000000083100000| PB 0x0000000083100000| Untracked 
|  20|0x0000000083200000, 0x0000000083200000, 0x0000000083300000|  0%| F|  |TAMS 0x0000000083200000| PB 0x0000000083200000| Untracked 
|  21|0x0000000083300000, 0x0000000083300000, 0x0000000083400000|  0%| F|  |TAMS 0x0000000083300000| PB 0x0000000083300000| Untracked 
|  22|0x0000000083400000, 0x0000000083400000, 0x0000000083500000|  0%| F|  |TAMS 0x0000000083400000| PB 0x0000000083400000| Untracked 
|  23|0x0000000083500000, 0x0000000083500000, 0x0000000083600000|  0%| F|  |TAMS 0x0000000083500000| PB 0x0000000083500000| Untracked 
|  24|0x0000000083600000, 0x0000000083600000, 0x0000000083700000|  0%| F|  |TAMS 0x0000000083600000| PB 0x0000000083600000| Untracked 
|  25|0x0000000083700000, 0x0000000083700000, 0x0000000083800000|  0%| F|  |TAMS 0x0000000083700000| PB 0x0000000083700000| Untracked 
|  26|0x0000000083800000, 0x0000000083800000, 0x0000000083900000|  0%| F|  |TAMS 0x0000000083800000| PB 0x0000000083800000| Untracked 
|  27|0x0000000083900000, 0x0000000083900000, 0x0000000083a00000|  0%| F|  |TAMS 0x0000000083900000| PB 0x0000000083900000| Untracked 
|  28|0x0000000083a00000, 0x0000000083a00000, 0x0000000083b00000|  0%| F|  |TAMS 0x0000000083a00000| PB 0x0000000083a00000| Untracked 
|  29|0x0000000083b00000, 0x0000000083b00000, 0x0000000083c00000|  0%| F|  |TAMS 0x0000000083b00000| PB 0x0000000083b00000| Untracked 
|  30|0x0000000083c00000, 0x0000000083c00000, 0x0000000083d00000|  0%| F|  |TAMS 0x0000000083c00000| PB 0x0000000083c00000| Untracked 
|  31|0x0000000083d00000, 0x0000000083d00000, 0x0000000083e00000|  0%| F|  |TAMS 0x0000000083d00000| PB 0x0000000083d00000| Untracked 
|  32|0x0000000083e00000, 0x0000000083e00000, 0x0000000083f00000|  0%| F|  |TAMS 0x0000000083e00000| PB 0x0000000083e00000| Untracked 
|  33|0x0000000083f00000, 0x0000000083f00000, 0x0000000084000000|  0%| F|  |TAMS 0x0000000083f00000| PB 0x0000000083f00000| Untracked 
|  34|0x0000000084000000, 0x0000000084000000, 0x0000000084100000|  0%| F|  |TAMS 0x0000000084000000| PB 0x0000000084000000| Untracked 
|  35|0x0000000084100000, 0x0000000084100000, 0x0000000084200000|  0%| F|  |TAMS 0x0000000084100000| PB 0x0000000084100000| Untracked 
|  36|0x0000000084200000, 0x0000000084200000, 0x0000000084300000|  0%| F|  |TAMS 0x0000000084200000| PB 0x0000000084200000| Untracked 
|  37|0x0000000084300000, 0x0000000084300000, 0x0000000084400000|  0%| F|  |TAMS 0x0000000084300000| PB 0x0000000084300000| Untracked 
|  38|0x0000000084400000, 0x0000000084400000, 0x0000000084500000|  0%| F|  |TAMS 0x0000000084400000| PB 0x0000000084400000| Untracked 
|  39|0x0000000084500000, 0x0000000084500000, 0x0000000084600000|  0%| F|  |TAMS 0x0000000084500000| PB 0x0000000084500000| Untracked 
|  40|0x0000000084600000, 0x0000000084600000, 0x0000000084700000|  0%| F|  |TAMS 0x0000000084600000| PB 0x0000000084600000| Untracked 
|  41|0x0000000084700000, 0x0000000084700000, 0x0000000084800000|  0%| F|  |TAMS 0x0000000084700000| PB 0x0000000084700000| Untracked 
|  42|0x0000000084800000, 0x0000000084800000, 0x0000000084900000|  0%| F|  |TAMS 0x0000000084800000| PB 0x0000000084800000| Untracked 
|  43|0x0000000084900000, 0x0000000084900000, 0x0000000084a00000|  0%| F|  |TAMS 0x0000000084900000| PB 0x0000000084900000| Untracked 
|  44|0x0000000084a00000, 0x0000000084a00000, 0x0000000084b00000|  0%| F|  |TAMS 0x0000000084a00000| PB 0x0000000084a00000| Untracked 
|  45|0x0000000084b00000, 0x0000000084b00000, 0x0000000084c00000|  0%| F|  |TAMS 0x0000000084b00000| PB 0x0000000084b00000| Untracked 
|  46|0x0000000084c00000, 0x0000000084c00000, 0x0000000084d00000|  0%| F|  |TAMS 0x0000000084c00000| PB 0x0000000084c00000| Untracked 
|  47|0x0000000084d00000, 0x0000000084d00000, 0x0000000084e00000|  0%| F|  |TAMS 0x0000000084d00000| PB 0x0000000084d00000| Untracked 
|  48|0x0000000084e00000, 0x0000000084e00000, 0x0000000084f00000|  0%| F|  |TAMS 0x0000000084e00000| PB 0x0000000084e00000| Untracked 
|  49|0x0000000084f00000, 0x0000000084f00000, 0x0000000085000000|  0%| F|  |TAMS 0x0000000084f00000| PB 0x0000000084f00000| Untracked 
|  50|0x0000000085000000, 0x0000000085000000, 0x0000000085100000|  0%| F|  |TAMS 0x0000000085000000| PB 0x0000000085000000| Untracked 
|  51|0x0000000085100000, 0x0000000085100000, 0x0000000085200000|  0%| F|  |TAMS 0x0000000085100000| PB 0x0000000085100000| Untracked 
|  52|0x0000000085200000, 0x0000000085200000, 0x0000000085300000|  0%| F|  |TAMS 0x0000000085200000| PB 0x0000000085200000| Untracked 
|  53|0x0000000085300000, 0x0000000085300000, 0x0000000085400000|  0%| F|  |TAMS 0x0000000085300000| PB 0x0000000085300000| Untracked 
|  54|0x0000000085400000, 0x0000000085400000, 0x0000000085500000|  0%| F|  |TAMS 0x0000000085400000| PB 0x0000000085400000| Untracked 
|  55|0x0000000085500000, 0x0000000085500000, 0x0000000085600000|  0%| F|  |TAMS 0x0000000085500000| PB 0x0000000085500000| Untracked 
|  56|0x0000000085600000, 0x0000000085600000, 0x0000000085700000|  0%| F|  |TAMS 0x0000000085600000| PB 0x0000000085600000| Untracked 
|  57|0x0000000085700000, 0x0000000085700000, 0x0000000085800000|  0%| F|  |TAMS 0x0000000085700000| PB 0x0000000085700000| Untracked 
|  58|0x0000000085800000, 0x0000000085800000, 0x0000000085900000|  0%| F|  |TAMS 0x0000000085800000| PB 0x0000000085800000| Untracked 
|  59|0x0000000085900000, 0x0000000085900000, 0x0000000085a00000|  0%| F|  |TAMS 0x0000000085900000| PB 0x0000000085900000| Untracked 
|  60|0x0000000085a00000, 0x0000000085a00000, 0x0000000085b00000|  0%| F|  |TAMS 0x0000000085a00000| PB 0x0000000085a00000| Untracked 
|  61|0x0000000085b00000, 0x0000000085b00000, 0x0000000085c00000|  0%| F|  |TAMS 0x0000000085b00000| PB 0x0000000085b00000| Untracked 
|  62|0x0000000085c00000, 0x0000000085c00000, 0x0000000085d00000|  0%| F|  |TAMS 0x0000000085c00000| PB 0x0000000085c00000| Untracked 
|  63|0x0000000085d00000, 0x0000000085d00000, 0x0000000085e00000|  0%| F|  |TAMS 0x0000000085d00000| PB 0x0000000085d00000| Untracked 
|  64|0x0000000085e00000, 0x0000000085e00000, 0x0000000085f00000|  0%| F|  |TAMS 0x0000000085e00000| PB 0x0000000085e00000| Untracked 
|  65|0x0000000085f00000, 0x0000000085f00000, 0x0000000086000000|  0%| F|  |TAMS 0x0000000085f00000| PB 0x0000000085f00000| Untracked 
|  66|0x0000000086000000, 0x0000000086000000, 0x0000000086100000|  0%| F|  |TAMS 0x0000000086000000| PB 0x0000000086000000| Untracked 
|  67|0x0000000086100000, 0x0000000086100000, 0x0000000086200000|  0%| F|  |TAMS 0x0000000086100000| PB 0x0000000086100000| Untracked 
|  68|0x0000000086200000, 0x0000000086200000, 0x0000000086300000|  0%| F|  |TAMS 0x0000000086200000| PB 0x0000000086200000| Untracked 
|  69|0x0000000086300000, 0x0000000086300000, 0x0000000086400000|  0%| F|  |TAMS 0x0000000086300000| PB 0x0000000086300000| Untracked 
|  70|0x0000000086400000, 0x0000000086400000, 0x0000000086500000|  0%| F|  |TAMS 0x0000000086400000| PB 0x0000000086400000| Untracked 
|  71|0x0000000086500000, 0x0000000086500000, 0x0000000086600000|  0%| F|  |TAMS 0x0000000086500000| PB 0x0000000086500000| Untracked 
|  72|0x0000000086600000, 0x0000000086600000, 0x0000000086700000|  0%| F|  |TAMS 0x0000000086600000| PB 0x0000000086600000| Untracked 
|  73|0x0000000086700000, 0x0000000086700000, 0x0000000086800000|  0%| F|  |TAMS 0x0000000086700000| PB 0x0000000086700000| Untracked 
|  74|0x0000000086800000, 0x0000000086800000, 0x0000000086900000|  0%| F|  |TAMS 0x0000000086800000| PB 0x0000000086800000| Untracked 
|  75|0x0000000086900000, 0x0000000086900000, 0x0000000086a00000|  0%| F|  |TAMS 0x0000000086900000| PB 0x0000000086900000| Untracked 
|  76|0x0000000086a00000, 0x0000000086a00000, 0x0000000086b00000|  0%| F|  |TAMS 0x0000000086a00000| PB 0x0000000086a00000| Untracked 
|  77|0x0000000086b00000, 0x0000000086b00000, 0x0000000086c00000|  0%| F|  |TAMS 0x0000000086b00000| PB 0x0000000086b00000| Untracked 
|  78|0x0000000086c00000, 0x0000000086c00000, 0x0000000086d00000|  0%| F|  |TAMS 0x0000000086c00000| PB 0x0000000086c00000| Untracked 
|  79|0x0000000086d00000, 0x0000000086d00000, 0x0000000086e00000|  0%| F|  |TAMS 0x0000000086d00000| PB 0x0000000086d00000| Untracked 
|  80|0x0000000086e00000, 0x0000000086e00000, 0x0000000086f00000|  0%| F|  |TAMS 0x0000000086e00000| PB 0x0000000086e00000| Untracked 
|  81|0x0000000086f00000, 0x0000000086f00000, 0x0000000087000000|  0%| F|  |TAMS 0x0000000086f00000| PB 0x0000000086f00000| Untracked 
|  82|0x0000000087000000, 0x0000000087000000, 0x0000000087100000|  0%| F|  |TAMS 0x0000000087000000| PB 0x0000000087000000| Untracked 
|  83|0x0000000087100000, 0x0000000087100000, 0x0000000087200000|  0%| F|  |TAMS 0x0000000087100000| PB 0x0000000087100000| Untracked 
|  84|0x0000000087200000, 0x0000000087200000, 0x0000000087300000|  0%| F|  |TAMS 0x0000000087200000| PB 0x0000000087200000| Untracked 
|  85|0x0000000087300000, 0x0000000087300000, 0x0000000087400000|  0%| F|  |TAMS 0x0000000087300000| PB 0x0000000087300000| Untracked 
|  86|0x0000000087400000, 0x0000000087400000, 0x0000000087500000|  0%| F|  |TAMS 0x0000000087400000| PB 0x0000000087400000| Untracked 
|  87|0x0000000087500000, 0x0000000087500000, 0x0000000087600000|  0%| F|  |TAMS 0x0000000087500000| PB 0x0000000087500000| Untracked 
|  88|0x0000000087600000, 0x0000000087600000, 0x0000000087700000|  0%| F|  |TAMS 0x0000000087600000| PB 0x0000000087600000| Untracked 
|  89|0x0000000087700000, 0x0000000087700000, 0x0000000087800000|  0%| F|  |TAMS 0x0000000087700000| PB 0x0000000087700000| Untracked 
|  90|0x0000000087800000, 0x0000000087800000, 0x0000000087900000|  0%| F|  |TAMS 0x0000000087800000| PB 0x0000000087800000| Untracked 
|  91|0x0000000087900000, 0x0000000087900000, 0x0000000087a00000|  0%| F|  |TAMS 0x0000000087900000| PB 0x0000000087900000| Untracked 
|  92|0x0000000087a00000, 0x0000000087ae7948, 0x0000000087b00000| 90%| S|CS|TAMS 0x0000000087a00000| PB 0x0000000087a00000| Complete 
|  93|0x0000000087b00000, 0x0000000087c00000, 0x0000000087c00000|100%| S|CS|TAMS 0x0000000087b00000| PB 0x0000000087b00000| Complete 
|  94|0x0000000087c00000, 0x0000000087d00000, 0x0000000087d00000|100%| S|CS|TAMS 0x0000000087c00000| PB 0x0000000087c00000| Complete 
|  95|0x0000000087d00000, 0x0000000087d00000, 0x0000000087e00000|  0%| F|  |TAMS 0x0000000087d00000| PB 0x0000000087d00000| Untracked 
|  96|0x0000000087e00000, 0x0000000087e00000, 0x0000000087f00000|  0%| F|  |TAMS 0x0000000087e00000| PB 0x0000000087e00000| Untracked 
|  97|0x0000000087f00000, 0x0000000087f00000, 0x0000000088000000|  0%| F|  |TAMS 0x0000000087f00000| PB 0x0000000087f00000| Untracked 
|  98|0x0000000088000000, 0x0000000088000000, 0x0000000088100000|  0%| F|  |TAMS 0x0000000088000000| PB 0x0000000088000000| Untracked 
|  99|0x0000000088100000, 0x0000000088100000, 0x0000000088200000|  0%| F|  |TAMS 0x0000000088100000| PB 0x0000000088100000| Untracked 
| 100|0x0000000088200000, 0x0000000088200000, 0x0000000088300000|  0%| F|  |TAMS 0x0000000088200000| PB 0x0000000088200000| Untracked 
| 101|0x0000000088300000, 0x0000000088300000, 0x0000000088400000|  0%| F|  |TAMS 0x0000000088300000| PB 0x0000000088300000| Untracked 
| 102|0x0000000088400000, 0x00000000884c1c20, 0x0000000088500000| 75%| E|  |TAMS 0x0000000088400000| PB 0x0000000088400000| Complete 
| 103|0x0000000088500000, 0x0000000088600000, 0x0000000088600000|100%| E|CS|TAMS 0x0000000088500000| PB 0x0000000088500000| Complete 
| 104|0x0000000088600000, 0x0000000088700000, 0x0000000088700000|100%| E|CS|TAMS 0x0000000088600000| PB 0x0000000088600000| Complete 
| 105|0x0000000088700000, 0x0000000088800000, 0x0000000088800000|100%| E|CS|TAMS 0x0000000088700000| PB 0x0000000088700000| Complete 
| 106|0x0000000088800000, 0x0000000088900000, 0x0000000088900000|100%| E|CS|TAMS 0x0000000088800000| PB 0x0000000088800000| Complete 
| 107|0x0000000088900000, 0x0000000088a00000, 0x0000000088a00000|100%| E|CS|TAMS 0x0000000088900000| PB 0x0000000088900000| Complete 
| 108|0x0000000088a00000, 0x0000000088b00000, 0x0000000088b00000|100%| E|CS|TAMS 0x0000000088a00000| PB 0x0000000088a00000| Complete 
| 109|0x0000000088b00000, 0x0000000088c00000, 0x0000000088c00000|100%| E|CS|TAMS 0x0000000088b00000| PB 0x0000000088b00000| Complete 
| 110|0x0000000088c00000, 0x0000000088d00000, 0x0000000088d00000|100%| E|CS|TAMS 0x0000000088c00000| PB 0x0000000088c00000| Complete 
| 111|0x0000000088d00000, 0x0000000088e00000, 0x0000000088e00000|100%| E|CS|TAMS 0x0000000088d00000| PB 0x0000000088d00000| Complete 
| 112|0x0000000088e00000, 0x0000000088f00000, 0x0000000088f00000|100%| E|CS|TAMS 0x0000000088e00000| PB 0x0000000088e00000| Complete 
| 113|0x0000000088f00000, 0x0000000089000000, 0x0000000089000000|100%| E|CS|TAMS 0x0000000088f00000| PB 0x0000000088f00000| Complete 
| 114|0x0000000089000000, 0x0000000089100000, 0x0000000089100000|100%| E|CS|TAMS 0x0000000089000000| PB 0x0000000089000000| Complete 
| 115|0x0000000089100000, 0x0000000089200000, 0x0000000089200000|100%| E|CS|TAMS 0x0000000089100000| PB 0x0000000089100000| Complete 
| 116|0x0000000089200000, 0x0000000089300000, 0x0000000089300000|100%| E|CS|TAMS 0x0000000089200000| PB 0x0000000089200000| Complete 
| 117|0x0000000089300000, 0x0000000089400000, 0x0000000089400000|100%| E|CS|TAMS 0x0000000089300000| PB 0x0000000089300000| Complete 
| 118|0x0000000089400000, 0x0000000089500000, 0x0000000089500000|100%| E|CS|TAMS 0x0000000089400000| PB 0x0000000089400000| Complete 
| 119|0x0000000089500000, 0x0000000089600000, 0x0000000089600000|100%| E|CS|TAMS 0x0000000089500000| PB 0x0000000089500000| Complete 
| 120|0x0000000089600000, 0x0000000089700000, 0x0000000089700000|100%| E|CS|TAMS 0x0000000089600000| PB 0x0000000089600000| Complete 
| 121|0x0000000089700000, 0x0000000089800000, 0x0000000089800000|100%| E|CS|TAMS 0x0000000089700000| PB 0x0000000089700000| Complete 
| 122|0x0000000089800000, 0x0000000089900000, 0x0000000089900000|100%| E|  |TAMS 0x0000000089800000| PB 0x0000000089800000| Complete 
| 123|0x0000000089900000, 0x0000000089a00000, 0x0000000089a00000|100%| E|CS|TAMS 0x0000000089900000| PB 0x0000000089900000| Complete 
| 124|0x0000000089a00000, 0x0000000089b00000, 0x0000000089b00000|100%| E|CS|TAMS 0x0000000089a00000| PB 0x0000000089a00000| Complete 
| 125|0x0000000089b00000, 0x0000000089c00000, 0x0000000089c00000|100%| E|CS|TAMS 0x0000000089b00000| PB 0x0000000089b00000| Complete 
| 126|0x0000000089c00000, 0x0000000089d00000, 0x0000000089d00000|100%| E|CS|TAMS 0x0000000089c00000| PB 0x0000000089c00000| Complete 
| 127|0x0000000089d00000, 0x0000000089e00000, 0x0000000089e00000|100%| E|CS|TAMS 0x0000000089d00000| PB 0x0000000089d00000| Complete 

Card table byte_map: [0x000001f469c40000,0x000001f46a040000] _byte_map_base: 0x000001f469831000

Marking Bits: (CMBitMap*) 0x000001f4520fe7e0
 Bits: [0x000001f46a040000, 0x000001f46bfc8000)

Polling page: 0x000001f450070000

Metaspace:

Usage:
  Non-class:     15.97 MB used.
      Class:      2.22 MB used.
       Both:     18.19 MB used.

Virtual space:
  Non-class space:       64.00 MB reserved,      16.12 MB ( 25%) committed,  1 nodes.
      Class space:        1.00 GB reserved,       2.38 MB ( <1%) committed,  1 nodes.
             Both:        1.06 GB reserved,      18.50 MB (  2%) committed. 

Chunk freelists:
   Non-Class:  15.72 MB
       Class:  13.44 MB
        Both:  29.15 MB

MaxMetaspaceSize: unlimited
CompressedClassSpaceSize: 1.00 GB
Initial GC threshold: 21.00 MB
Current GC threshold: 21.00 MB
CDS: on
 - commit_granule_bytes: 65536.
 - commit_granule_words: 8192.
 - virtual_space_node_default_size: 8388608.
 - enlarge_chunks_in_place: 1.
 - use_allocation_guard: 0.


Internal statistics:

num_allocs_failed_limit: 0.
num_arena_births: 280.
num_arena_deaths: 0.
num_vsnodes_births: 2.
num_vsnodes_deaths: 0.
num_space_committed: 296.
num_space_uncommitted: 0.
num_chunks_returned_to_freelist: 0.
num_chunks_taken_from_freelist: 911.
num_chunk_merges: 0.
num_chunk_splits: 594.
num_chunks_enlarged: 421.
num_inconsistent_stats: 0.

CodeHeap 'non-profiled nmethods': size=120000Kb used=950Kb max_used=950Kb free=119049Kb
 bounds [0x000001f461fe0000, 0x000001f462250000, 0x000001f469510000]
CodeHeap 'profiled nmethods': size=120000Kb used=4362Kb max_used=4362Kb free=115637Kb
 bounds [0x000001f45a510000, 0x000001f45a960000, 0x000001f461a40000]
CodeHeap 'non-nmethods': size=5760Kb used=1430Kb max_used=1454Kb free=4329Kb
 bounds [0x000001f461a40000, 0x000001f461cb0000, 0x000001f461fe0000]
 total_blobs=2865 nmethods=2348 adapters=421
 compilation: enabled
              stopped_count=0, restarted_count=0
 full_count=0

Compilation events (20 events):
Event: 1.258 Thread 0x000001f46eb78090 2250       3       sun.security.util.SecurityProviderConstants::getAliases (63 bytes)
Event: 1.258 Thread 0x000001f46eb78090 nmethod 2250 0x000001f45a91e610 code [0x000001f45a91e880, 0x000001f45a91f130]
Event: 1.259 Thread 0x000001f46eb78090 2251       1       java.lang.reflect.Constructor::getRoot (5 bytes)
Event: 1.259 Thread 0x000001f46eb78090 nmethod 2251 0x000001f4620c3910 code [0x000001f4620c3aa0, 0x000001f4620c3b68]
Event: 1.259 Thread 0x000001f46eb78090 2252       3       org.springframework.boot.autoconfigure.AutoConfigurationMetadataLoader$PropertiesAutoConfigurationMetadata::get (8 bytes)
Event: 1.260 Thread 0x000001f46eb78090 nmethod 2252 0x000001f45a91f410 code [0x000001f45a91f800, 0x000001f45a921580]
Event: 1.260 Thread 0x000001f46eb78090 2253       3       org.springframework.boot.autoconfigure.AutoConfigurationMetadataLoader$PropertiesAutoConfigurationMetadata::get (28 bytes)
Event: 1.261 Thread 0x000001f46ee43250 2259 %     4       java.util.Properties::load0 @ 29 (249 bytes)
Event: 1.261 Thread 0x000001f46e824800 2260       4       java.util.Properties::loadConvert (540 bytes)
Event: 1.262 Thread 0x000001f46eb78090 nmethod 2253 0x000001f45a922010 code [0x000001f45a9223e0, 0x000001f45a9240e8]
Event: 1.262 Thread 0x000001f46eb78090 2256       3       java.util.Collections$3::hasMoreElements (10 bytes)
Event: 1.262 Thread 0x000001f46eb78090 nmethod 2256 0x000001f45a924b10 code [0x000001f45a924cc0, 0x000001f45a924e98]
Event: 1.262 Thread 0x000001f46eb78090 2257       3       java.util.Collections$3::nextElement (10 bytes)
Event: 1.262 Thread 0x000001f46eb78090 nmethod 2257 0x000001f45a924f90 code [0x000001f45a925140, 0x000001f45a925318]
Event: 1.262 Thread 0x000001f46eb78090 2254       3       java.security.Provider$UString::<init> (21 bytes)
Event: 1.262 Thread 0x000001f46eb78090 nmethod 2254 0x000001f45a925410 code [0x000001f45a925600, 0x000001f45a925a40]
Event: 1.262 Thread 0x000001f46eb78090 2258   !   3       java.net.URL::getURLStreamHandler (191 bytes)
Event: 1.263 Thread 0x000001f46eb78090 nmethod 2258 0x000001f45a925b90 code [0x000001f45a925e60, 0x000001f45a926c78]
Event: 1.263 Thread 0x000001f46eb78090 2255       1       java.lang.reflect.Constructor::getConstructorAccessor (5 bytes)
Event: 1.263 Thread 0x000001f46eb78090 nmethod 2255 0x000001f4620c3c10 code [0x000001f4620c3da0, 0x000001f4620c3e68]

GC Heap History (4 events):
Event: 0.604 GC heap before
{Heap before GC invocations=0 (full 0):
 garbage-first heap   total 131072K, used 23552K [0x0000000081e00000, 0x0000000100000000)
  region size 1024K, 23 young (23552K), 0 survivors (0K)
 Metaspace       used 5676K, committed 5888K, reserved 1114112K
  class space    used 660K, committed 768K, reserved 1048576K
}
Event: 0.608 GC heap after
{Heap after GC invocations=1 (full 0):
 garbage-first heap   total 131072K, used 6709K [0x0000000081e00000, 0x0000000100000000)
  region size 1024K, 3 young (3072K), 3 survivors (3072K)
 Metaspace       used 5676K, committed 5888K, reserved 1114112K
  class space    used 660K, committed 768K, reserved 1048576K
}
Event: 1.062 GC heap before
{Heap before GC invocations=1 (full 0):
 garbage-first heap   total 131072K, used 36405K [0x0000000081e00000, 0x0000000100000000)
  region size 1024K, 33 young (33792K), 3 survivors (3072K)
 Metaspace       used 14150K, committed 14464K, reserved 1114112K
  class space    used 1702K, committed 1856K, reserved 1048576K
}
Event: 1.067 GC heap after
{Heap after GC invocations=2 (full 0):
 garbage-first heap   total 131072K, used 9767K [0x0000000081e00000, 0x0000000100000000)
  region size 1024K, 3 young (3072K), 3 survivors (3072K)
 Metaspace       used 14150K, committed 14464K, reserved 1114112K
  class space    used 1702K, committed 1856K, reserved 1048576K
}

Dll operation events (13 events):
Event: 0.005 Loaded shared library C:\Program Files\Java\jdk-21\bin\java.dll
Event: 0.033 Loaded shared library C:\Program Files\Java\jdk-21\bin\jsvml.dll
Event: 0.091 Loaded shared library C:\Program Files\Java\jdk-21\bin\zip.dll
Event: 0.093 Loaded shared library C:\Program Files\Java\jdk-21\bin\instrument.dll
Event: 0.097 Loaded shared library C:\Program Files\Java\jdk-21\bin\net.dll
Event: 0.098 Loaded shared library C:\Program Files\Java\jdk-21\bin\nio.dll
Event: 0.100 Loaded shared library C:\Program Files\Java\jdk-21\bin\zip.dll
Event: 0.157 Loaded shared library C:\Program Files\JetBrains\IntelliJ IDEA Community Edition 2023.3\bin\breakgen64.dll
Event: 0.165 Loaded shared library C:\Program Files\Java\jdk-21\bin\extnet.dll
Event: 0.190 Loaded shared library C:\Program Files\Java\jdk-21\bin\jimage.dll
Event: 0.495 Loaded shared library C:\Program Files\Java\jdk-21\bin\management.dll
Event: 0.496 Loaded shared library C:\Program Files\Java\jdk-21\bin\management_ext.dll
Event: 1.257 Loaded shared library C:\Program Files\Java\jdk-21\bin\sunmscapi.dll

Deoptimization events (20 events):
Event: 1.267 Thread 0x000001f4735e6b30 DEOPT PACKING pc=0x000001f45a64f7f9 sp=0x0000005e4fbfe600
Event: 1.267 Thread 0x000001f4735e6b30 DEOPT UNPACKING pc=0x000001f461a94e42 sp=0x0000005e4fbfdaf8 mode 0
Event: 1.267 Thread 0x000001f4735e6b30 DEOPT PACKING pc=0x000001f45a645ef6 sp=0x0000005e4fbfe5f0
Event: 1.267 Thread 0x000001f4735e6b30 DEOPT UNPACKING pc=0x000001f461a94e42 sp=0x0000005e4fbfdb00 mode 0
Event: 1.267 Thread 0x000001f4735e6b30 DEOPT PACKING pc=0x000001f45a64f7f9 sp=0x0000005e4fbfe600
Event: 1.267 Thread 0x000001f4735e6b30 DEOPT UNPACKING pc=0x000001f461a94e42 sp=0x0000005e4fbfdaf8 mode 0
Event: 1.267 Thread 0x000001f4735e6b30 DEOPT PACKING pc=0x000001f45a645ef6 sp=0x0000005e4fbfe5f0
Event: 1.267 Thread 0x000001f4735e6b30 DEOPT UNPACKING pc=0x000001f461a94e42 sp=0x0000005e4fbfdb00 mode 0
Event: 1.268 Thread 0x000001f4735e6b30 DEOPT PACKING pc=0x000001f45a64f7f9 sp=0x0000005e4fbfe600
Event: 1.268 Thread 0x000001f4735e6b30 DEOPT UNPACKING pc=0x000001f461a94e42 sp=0x0000005e4fbfdaf8 mode 0
Event: 1.268 Thread 0x000001f4735e6b30 DEOPT PACKING pc=0x000001f45a645ef6 sp=0x0000005e4fbfe5f0
Event: 1.268 Thread 0x000001f4735e6b30 DEOPT UNPACKING pc=0x000001f461a94e42 sp=0x0000005e4fbfdb00 mode 0
Event: 1.268 Thread 0x000001f4735e6b30 DEOPT PACKING pc=0x000001f45a64f7f9 sp=0x0000005e4fbfe600
Event: 1.268 Thread 0x000001f4735e6b30 DEOPT UNPACKING pc=0x000001f461a94e42 sp=0x0000005e4fbfdaf8 mode 0
Event: 1.268 Thread 0x000001f4735e6b30 DEOPT PACKING pc=0x000001f45a645ef6 sp=0x0000005e4fbfe5f0
Event: 1.268 Thread 0x000001f4735e6b30 DEOPT UNPACKING pc=0x000001f461a94e42 sp=0x0000005e4fbfdb00 mode 0
Event: 1.269 Thread 0x000001f4735e6b30 DEOPT PACKING pc=0x000001f45a64f7f9 sp=0x0000005e4fbfe600
Event: 1.269 Thread 0x000001f4735e6b30 DEOPT UNPACKING pc=0x000001f461a94e42 sp=0x0000005e4fbfdaf8 mode 0
Event: 1.269 Thread 0x000001f4735e6b30 DEOPT PACKING pc=0x000001f45a645ef6 sp=0x0000005e4fbfe5f0
Event: 1.269 Thread 0x000001f4735e6b30 DEOPT UNPACKING pc=0x000001f461a94e42 sp=0x0000005e4fbfdb00 mode 0

Classes loaded (20 events):
Event: 1.251 Loading class java/security/AuthProvider
Event: 1.251 Loading class java/security/AuthProvider done
Event: 1.252 Loading class java/security/PrivilegedActionException
Event: 1.252 Loading class java/security/PrivilegedActionException done
Event: 1.252 Loading class javax/security/auth/login/FailedLoginException
Event: 1.252 Loading class javax/security/auth/login/FailedLoginException done
Event: 1.253 Loading class javax/security/auth/Subject
Event: 1.253 Loading class javax/security/auth/Subject done
Event: 1.253 Loading class javax/security/auth/callback/CallbackHandler
Event: 1.253 Loading class javax/security/auth/callback/CallbackHandler done
Event: 1.259 Loading class com/sun/security/sasl/Provider
Event: 1.259 Loading class com/sun/security/sasl/Provider done
Event: 1.259 Loading class com/sun/security/sasl/Provider$1
Event: 1.260 Loading class com/sun/security/sasl/Provider$1 done
Event: 1.260 Loading class com/sun/security/sasl/Provider$ProviderService
Event: 1.260 Loading class com/sun/security/sasl/Provider$ProviderService done
Event: 1.260 Loading class sun/security/provider/certpath/ldap/JdkLDAP
Event: 1.260 Loading class sun/security/provider/certpath/ldap/JdkLDAP done
Event: 1.260 Loading class sun/security/provider/certpath/ldap/JdkLDAP$ProviderService
Event: 1.260 Loading class sun/security/provider/certpath/ldap/JdkLDAP$ProviderService done

Classes unloaded (0 events):
No events

Classes redefined (0 events):
No events

Internal exceptions (20 events):
Event: 0.814 Thread 0x000001f4735e6b30 Exception <a 'java/lang/NoSuchMethodError'{0x00000000894c03f8}: 'java.lang.Object java.lang.invoke.DirectMethodHandle$Holder.invokeStatic(java.lang.Object, long, java.lang.Object)'> (0x00000000894c03f8) 
thrown [s\open\src\hotspot\share\interpreter\linkResolver.cpp, line 773]
Event: 0.814 Thread 0x000001f4735e6b30 Exception <a 'java/lang/NoSuchMethodError'{0x00000000894c3a50}: 'java.lang.Object java.lang.invoke.DirectMethodHandle$Holder.invokeStaticInit(java.lang.Object, long, java.lang.Object)'> (0x00000000894c3a50) 
thrown [s\open\src\hotspot\share\interpreter\linkResolver.cpp, line 773]
Event: 0.815 Thread 0x000001f4735e6b30 Exception <a 'java/lang/NoSuchMethodError'{0x00000000894c91b8}: 'java.lang.Object java.lang.invoke.DirectMethodHandle$Holder.newInvokeSpecial(java.lang.Object, long)'> (0x00000000894c91b8) 
thrown [s\open\src\hotspot\share\interpreter\linkResolver.cpp, line 773]
Event: 0.827 Thread 0x000001f4735e6b30 Exception <a 'java/lang/NoSuchMethodError'{0x0000000089318950}: 'void java.lang.invoke.DirectMethodHandle$Holder.invokeSpecial(java.lang.Object, java.lang.Object, java.lang.Object, java.lang.Object, java.lang.Object)'> (0x0000000089318950) 
thrown [s\open\src\hotspot\share\interpreter\linkResolver.cpp, line 773]
Event: 0.828 Thread 0x000001f4735e6b30 Exception <a 'java/lang/NoSuchMethodError'{0x00000000893201b8}: 'void java.lang.invoke.DirectMethodHandle$Holder.invokeVirtual(java.lang.Object, java.lang.Object, java.lang.Object, java.lang.Object)'> (0x00000000893201b8) 
thrown [s\open\src\hotspot\share\interpreter\linkResolver.cpp, line 773]
Event: 0.864 Thread 0x000001f473b78f80 Exception <a 'java/lang/NoClassDefFoundError'{0x000000008928bf20}: jakarta/validation/Validation> (0x000000008928bf20) 
thrown [s\open\src\hotspot\share\classfile\systemDictionary.cpp, line 301]
Event: 0.864 Thread 0x000001f4735e6b30 Exception <a 'java/lang/IncompatibleClassChangeError'{0x00000000892a0bf8}: Found class java.lang.Object, but interface was expected> (0x00000000892a0bf8) 
thrown [s\open\src\hotspot\share\interpreter\linkResolver.cpp, line 840]
Event: 0.868 Thread 0x000001f4735e6b30 Exception <a 'java/lang/NoSuchMethodError'{0x00000000892b63d8}: 'java.lang.Object java.lang.invoke.DirectMethodHandle$Holder.invokeStaticInit(java.lang.Object, int)'> (0x00000000892b63d8) 
thrown [s\open\src\hotspot\share\interpreter\linkResolver.cpp, line 773]
Event: 0.869 Thread 0x000001f4735e6b30 Exception <a 'java/lang/NoSuchMethodError'{0x00000000892c0518}: 'java.lang.Object java.lang.invoke.DirectMethodHandle$Holder.invokeStatic(java.lang.Object, int, java.lang.Object)'> (0x00000000892c0518) 
thrown [s\open\src\hotspot\share\interpreter\linkResolver.cpp, line 773]
Event: 0.869 Thread 0x000001f4735e6b30 Exception <a 'java/lang/NoSuchMethodError'{0x00000000892c3b68}: 'java.lang.Object java.lang.invoke.DirectMethodHandle$Holder.invokeStaticInit(java.lang.Object, int, java.lang.Object)'> (0x00000000892c3b68) 
thrown [s\open\src\hotspot\share\interpreter\linkResolver.cpp, line 773]
Event: 1.085 Thread 0x000001f4735e6b30 Exception <a 'java/lang/NoSuchMethodError'{0x0000000089cfd1a8}: 'java.lang.Object java.lang.invoke.DirectMethodHandle$Holder.invokeVirtual(java.lang.Object, java.lang.Object, java.lang.Object)'> (0x0000000089cfd1a8) 
thrown [s\open\src\hotspot\share\interpreter\linkResolver.cpp, line 773]
Event: 1.092 Thread 0x000001f4735e6b30 Exception <a 'java/lang/NoSuchMethodError'{0x0000000089b903a0}: 'int java.lang.invoke.DirectMethodHandle$Holder.invokeSpecial(java.lang.Object, java.lang.Object, java.lang.Object, java.lang.Object, java.lang.Object)'> (0x0000000089b903a0) 
thrown [s\open\src\hotspot\share\interpreter\linkResolver.cpp, line 773]
Event: 1.095 Thread 0x000001f4735e6b30 Exception <a 'java/lang/NoSuchMethodError'{0x0000000089b984c8}: 'void java.lang.invoke.DirectMethodHandle$Holder.invokeVirtual(java.lang.Object, java.lang.Object)'> (0x0000000089b984c8) 
thrown [s\open\src\hotspot\share\interpreter\linkResolver.cpp, line 773]
Event: 1.142 Thread 0x000001f473b78f80 Exception <a 'java/lang/NoSuchMethodError'{0x00000000896f1c38}: 'long java.lang.invoke.DirectMethodHandle$Holder.invokeSpecial(java.lang.Object, java.lang.Object)'> (0x00000000896f1c38) 
thrown [s\open\src\hotspot\share\interpreter\linkResolver.cpp, line 773]
Event: 1.143 Thread 0x000001f473b78f80 Exception <a 'java/lang/NoSuchMethodError'{0x00000000896fb7c8}: 'long java.lang.invoke.DirectMethodHandle$Holder.invokeStatic(java.lang.Object, java.lang.Object)'> (0x00000000896fb7c8) 
thrown [s\open\src\hotspot\share\interpreter\linkResolver.cpp, line 773]
Event: 1.144 Thread 0x000001f473b78f80 Exception <a 'java/lang/NoSuchMethodError'{0x00000000896fed78}: 'long java.lang.invoke.DirectMethodHandle$Holder.invokeStaticInit(java.lang.Object, java.lang.Object)'> (0x00000000896fed78) 
thrown [s\open\src\hotspot\share\interpreter\linkResolver.cpp, line 773]
Event: 1.146 Thread 0x000001f473b78f80 Exception <a 'java/lang/NoSuchMethodError'{0x000000008950b558}: 'long java.lang.invoke.DirectMethodHandle$Holder.invokeInterface(java.lang.Object, java.lang.Object)'> (0x000000008950b558) 
thrown [s\open\src\hotspot\share\interpreter\linkResolver.cpp, line 773]
Event: 1.146 Thread 0x000001f473b78f80 Exception <a 'java/lang/IncompatibleClassChangeError'{0x000000008950e808}: Found class java.lang.Object, but interface was expected> (0x000000008950e808) 
thrown [s\open\src\hotspot\share\interpreter\linkResolver.cpp, line 840]
Event: 1.154 Thread 0x000001f473b78f80 Exception <a 'java/lang/NoSuchMethodError'{0x00000000895e0668}: 'java.lang.Object java.lang.invoke.DirectMethodHandle$Holder.invokeVirtual(java.lang.Object, java.lang.Object, java.lang.Object, java.lang.Object)'> (0x00000000895e0668) 
thrown [s\open\src\hotspot\share\interpreter\linkResolver.cpp, line 773]
Event: 1.260 Thread 0x000001f4735e6b30 Exception <a 'java/lang/IncompatibleClassChangeError'{0x0000000088c9d568}: Found class java.lang.Object, but interface was expected> (0x0000000088c9d568) 
thrown [s\open\src\hotspot\share\interpreter\linkResolver.cpp, line 840]

ZGC Phase Switch (0 events):
No events

VM Operations (20 events):
Event: 0.852 Executing VM operation: HandshakeAllThreads (Deoptimize)
Event: 0.852 Executing VM operation: HandshakeAllThreads (Deoptimize) done
Event: 0.856 Executing VM operation: HandshakeAllThreads (Deoptimize)
Event: 0.856 Executing VM operation: HandshakeAllThreads (Deoptimize) done
Event: 0.856 Executing VM operation: HandshakeAllThreads (Deoptimize)
Event: 0.856 Executing VM operation: HandshakeAllThreads (Deoptimize) done
Event: 0.924 Executing VM operation: ICBufferFull
Event: 0.924 Executing VM operation: ICBufferFull done
Event: 1.007 Executing VM operation: HandshakeAllThreads (Deoptimize)
Event: 1.007 Executing VM operation: HandshakeAllThreads (Deoptimize) done
Event: 1.024 Executing VM operation: HandshakeAllThreads (Deoptimize)
Event: 1.024 Executing VM operation: HandshakeAllThreads (Deoptimize) done
Event: 1.061 Executing VM operation: G1CollectForAllocation (G1 Evacuation Pause)
Event: 1.067 Executing VM operation: G1CollectForAllocation (G1 Evacuation Pause) done
Event: 1.071 Executing VM operation: HandshakeAllThreads (Deoptimize)
Event: 1.071 Executing VM operation: HandshakeAllThreads (Deoptimize) done
Event: 1.195 Executing VM operation: HandshakeAllThreads (Deoptimize)
Event: 1.195 Executing VM operation: HandshakeAllThreads (Deoptimize) done
Event: 1.233 Executing VM operation: HandshakeAllThreads (Deoptimize)
Event: 1.233 Executing VM operation: HandshakeAllThreads (Deoptimize) done

Events (20 events):
Event: 0.020 Thread 0x000001f44fe4a950 Thread added: 0x000001f44fe4a950
Event: 0.030 Thread 0x000001f46e8106d0 Thread added: 0x000001f46e8106d0
Event: 0.031 Thread 0x000001f46e812340 Thread added: 0x000001f46e812340
Event: 0.031 Thread 0x000001f46e812fa0 Thread added: 0x000001f46e812fa0
Event: 0.031 Thread 0x000001f46e813c00 Thread added: 0x000001f46e813c00
Event: 0.031 Thread 0x000001f46e816fe0 Thread added: 0x000001f46e816fe0
Event: 0.031 Thread 0x000001f46e817a40 Thread added: 0x000001f46e817a40
Event: 0.031 Thread 0x000001f46e824800 Thread added: 0x000001f46e824800
Event: 0.031 Thread 0x000001f46eb78090 Thread added: 0x000001f46eb78090
Event: 0.076 Thread 0x000001f46ec670f0 Thread added: 0x000001f46ec670f0
Event: 0.112 Thread 0x000001f46ee43250 Thread added: 0x000001f46ee43250
Event: 0.112 Thread 0x000001f46ee43900 Thread added: 0x000001f46ee43900
Event: 0.157 Thread 0x000001f46eecf830 Thread added: 0x000001f46eecf830
Event: 0.158 Thread 0x000001f4730c7250 Thread added: 0x000001f4730c7250
Event: 0.539 Thread 0x000001f4733cbe00 Thread added: 0x000001f4733cbe00
Event: 0.541 Thread 0x000001f4735e6b30 Thread added: 0x000001f4735e6b30
Event: 0.861 Thread 0x000001f473b78f80 Thread added: 0x000001f473b78f80
Event: 1.176 Thread 0x000001f474050420 Thread added: 0x000001f474050420
Event: 1.222 Thread 0x000001f474050420 Thread exited: 0x000001f474050420
Event: 1.262 Thread 0x000001f473b78f80 Thread exited: 0x000001f473b78f80


Dynamic libraries:
0x00007ff6e3760000 - 0x00007ff6e3770000 	C:\Program Files\Java\jdk-21\bin\java.exe
0x00007ffbfdad0000 - 0x00007ffbfdcc8000 	C:\WINDOWS\SYSTEM32\ntdll.dll
0x00007ffbfd8b0000 - 0x00007ffbfd96d000 	C:\WINDOWS\System32\KERNEL32.DLL
0x00007ffbfb5b0000 - 0x00007ffbfb8a6000 	C:\WINDOWS\System32\KERNELBASE.dll
0x00007ffbfba00000 - 0x00007ffbfbb00000 	C:\WINDOWS\System32\ucrtbase.dll
0x00007ffbda0c0000 - 0x00007ffbda0d9000 	C:\Program Files\Java\jdk-21\bin\jli.dll
0x00007ffbd5db0000 - 0x00007ffbd5dcb000 	C:\Program Files\Java\jdk-21\bin\VCRUNTIME140.dll
0x00007ffbfcee0000 - 0x00007ffbfcf90000 	C:\WINDOWS\System32\ADVAPI32.dll
0x00007ffbfcf90000 - 0x00007ffbfd02e000 	C:\WINDOWS\System32\msvcrt.dll
0x00007ffbfd070000 - 0x00007ffbfd110000 	C:\WINDOWS\System32\sechost.dll
0x00007ffbfcc10000 - 0x00007ffbfcd33000 	C:\WINDOWS\System32\RPCRT4.dll
0x00007ffbfb9d0000 - 0x00007ffbfb9f7000 	C:\WINDOWS\System32\bcrypt.dll
0x00007ffbfcd40000 - 0x00007ffbfcedf000 	C:\WINDOWS\System32\USER32.dll
0x00007ffbfb530000 - 0x00007ffbfb552000 	C:\WINDOWS\System32\win32u.dll
0x00007ffbfd110000 - 0x00007ffbfd13b000 	C:\WINDOWS\System32\GDI32.dll
0x00007ffbea970000 - 0x00007ffbeac0a000 	C:\WINDOWS\WinSxS\amd64_microsoft.windows.common-controls_6595b64144ccf1df_6.0.19041.4355_none_60b8b9eb71f62e16\COMCTL32.dll
0x00007ffbfb8b0000 - 0x00007ffbfb9c7000 	C:\WINDOWS\System32\gdi32full.dll
0x00007ffbfb490000 - 0x00007ffbfb52d000 	C:\WINDOWS\System32\msvcp_win.dll
0x00007ffbf64c0000 - 0x00007ffbf64ca000 	C:\WINDOWS\SYSTEM32\VERSION.dll
0x00007ffbfd030000 - 0x00007ffbfd062000 	C:\WINDOWS\System32\IMM32.DLL
0x00007ffbe7920000 - 0x00007ffbe792c000 	C:\Program Files\Java\jdk-21\bin\vcruntime140_1.dll
0x00007ffbd1010000 - 0x00007ffbd109e000 	C:\Program Files\Java\jdk-21\bin\msvcp140.dll
0x00007ffb8e2a0000 - 0x00007ffb8efb7000 	C:\Program Files\Java\jdk-21\bin\server\jvm.dll
0x00007ffbfc9c0000 - 0x00007ffbfca2b000 	C:\WINDOWS\System32\WS2_32.dll
0x00007ffbfb000000 - 0x00007ffbfb04b000 	C:\WINDOWS\SYSTEM32\POWRPROF.dll
0x00007ffbbc670000 - 0x00007ffbbc697000 	C:\WINDOWS\SYSTEM32\WINMM.dll
0x00007ffbfafb0000 - 0x00007ffbfafc2000 	C:\WINDOWS\SYSTEM32\UMPDC.dll
0x00007ffbf8e40000 - 0x00007ffbf8e52000 	C:\WINDOWS\SYSTEM32\kernel.appcore.dll
0x00007ffbdb2f0000 - 0x00007ffbdb2fa000 	C:\Program Files\Java\jdk-21\bin\jimage.dll
0x00007ffbf0c50000 - 0x00007ffbf0e34000 	C:\WINDOWS\SYSTEM32\DBGHELP.DLL
0x00007ffbf06c0000 - 0x00007ffbf06f4000 	C:\WINDOWS\SYSTEM32\dbgcore.DLL
0x00007ffbfb230000 - 0x00007ffbfb2b2000 	C:\WINDOWS\System32\bcryptPrimitives.dll
0x00007ffbf64a0000 - 0x00007ffbf64af000 	C:\Program Files\Java\jdk-21\bin\instrument.dll
0x00007ffbd5d90000 - 0x00007ffbd5daf000 	C:\Program Files\Java\jdk-21\bin\java.dll
0x00007ffbfd140000 - 0x00007ffbfd8ab000 	C:\WINDOWS\System32\SHELL32.dll
0x00007ffbf9040000 - 0x00007ffbf97dd000 	C:\WINDOWS\SYSTEM32\windows.storage.dll
0x00007ffbfc140000 - 0x00007ffbfc493000 	C:\WINDOWS\System32\combase.dll
0x00007ffbfaad0000 - 0x00007ffbfaafe000 	C:\WINDOWS\SYSTEM32\Wldp.dll
0x00007ffbfc660000 - 0x00007ffbfc72d000 	C:\WINDOWS\System32\OLEAUT32.dll
0x00007ffbfbfd0000 - 0x00007ffbfc07d000 	C:\WINDOWS\System32\SHCORE.dll
0x00007ffbfc0e0000 - 0x00007ffbfc135000 	C:\WINDOWS\System32\shlwapi.dll
0x00007ffbfb0b0000 - 0x00007ffbfb0d4000 	C:\WINDOWS\SYSTEM32\profapi.dll
0x00007ffbc4840000 - 0x00007ffbc4917000 	C:\Program Files\Java\jdk-21\bin\jsvml.dll
0x00007ffbd4ab0000 - 0x00007ffbd4ac8000 	C:\Program Files\Java\jdk-21\bin\zip.dll
0x00007ffbd5d80000 - 0x00007ffbd5d90000 	C:\Program Files\Java\jdk-21\bin\net.dll
0x00007ffbf1680000 - 0x00007ffbf178a000 	C:\WINDOWS\SYSTEM32\WINHTTP.dll
0x00007ffbfa830000 - 0x00007ffbfa89a000 	C:\WINDOWS\system32\mswsock.dll
0x00007ffbd5d60000 - 0x00007ffbd5d76000 	C:\Program Files\Java\jdk-21\bin\nio.dll
0x00007ffbe8b40000 - 0x00007ffbe8b5a000 	C:\Program Files\JetBrains\IntelliJ IDEA Community Edition 2023.3\bin\breakgen64.dll
0x00007ffbd3b20000 - 0x00007ffbd3b29000 	C:\Program Files\Java\jdk-21\bin\extnet.dll
0x00007ffbeca10000 - 0x00007ffbeca1a000 	C:\Program Files\Java\jdk-21\bin\management.dll
0x00007ffbe8bb0000 - 0x00007ffbe8bbb000 	C:\Program Files\Java\jdk-21\bin\management_ext.dll
0x00007ffbfc650000 - 0x00007ffbfc658000 	C:\WINDOWS\System32\PSAPI.DLL
0x00007ffbdafd0000 - 0x00007ffbdafde000 	C:\Program Files\Java\jdk-21\bin\sunmscapi.dll
0x00007ffbfb2c0000 - 0x00007ffbfb41e000 	C:\WINDOWS\System32\CRYPT32.dll
0x00007ffbfab40000 - 0x00007ffbfab69000 	C:\WINDOWS\SYSTEM32\ncrypt.dll
0x00007ffbfab00000 - 0x00007ffbfab3b000 	C:\WINDOWS\SYSTEM32\NTASN1.dll

dbghelp: loaded successfully - version: 4.0.5 - missing functions: none
symbol engine: initialized successfully - sym options: 0x614 - pdb path: .;C:\Program Files\Java\jdk-21\bin;C:\WINDOWS\SYSTEM32;C:\WINDOWS\WinSxS\amd64_microsoft.windows.common-controls_6595b64144ccf1df_6.0.19041.4355_none_60b8b9eb71f62e16;C:\Program Files\Java\jdk-21\bin\server;C:\Program Files\JetBrains\IntelliJ IDEA Community Edition 2023.3\bin

VM Arguments:
jvm_args: -javaagent:C:\Program Files\JetBrains\IntelliJ IDEA Community Edition 2023.3\lib\idea_rt.jar=54905:C:\Program Files\JetBrains\IntelliJ IDEA Community Edition 2023.3\bin -Dfile.encoding=UTF-8 -Dsun.stdout.encoding=UTF-8 -Dsun.stderr.encoding=UTF-8 
java_command: com.ademass.movies.MoviesApplication
java_class_path (initial): H:\Cursos\Bootcamp_Spring_Ademass\movies\target\classes;C:\Users\jloarte\.m2\repository\org\springframework\boot\spring-boot-starter-data-jpa\3.2.4\spring-boot-starter-data-jpa-3.2.4.jar;C:\Users\jloarte\.m2\repository\org\springframework\boot\spring-boot-starter-aop\3.2.4\spring-boot-starter-aop-3.2.4.jar;C:\Users\jloarte\.m2\repository\org\springframework\spring-aop\6.1.5\spring-aop-6.1.5.jar;C:\Users\jloarte\.m2\repository\org\aspectj\aspectjweaver\1.9.21\aspectjweaver-1.9.21.jar;C:\Users\jloarte\.m2\repository\org\springframework\boot\spring-boot-starter-jdbc\3.2.4\spring-boot-starter-jdbc-3.2.4.jar;C:\Users\jloarte\.m2\repository\com\zaxxer\HikariCP\5.0.1\HikariCP-5.0.1.jar;C:\Users\jloarte\.m2\repository\org\springframework\spring-jdbc\6.1.5\spring-jdbc-6.1.5.jar;C:\Users\jloarte\.m2\repository\org\hibernate\orm\hibernate-core\6.4.4.Final\hibernate-core-6.4.4.Final.jar;C:\Users\jloarte\.m2\repository\jakarta\persistence\jakarta.persistence-api\3.1.0\jakarta.persistence-api-3.1.0.jar;C:\Users\jloarte\.m2\repository\jakarta\transaction\jakarta.transaction-api\2.0.1\jakarta.transaction-api-2.0.1.jar;C:\Users\jloarte\.m2\repository\org\jboss\logging\jboss-logging\3.5.3.Final\jboss-logging-3.5.3.Final.jar;C:\Users\jloarte\.m2\repository\org\hibernate\common\hibernate-commons-annotations\6.0.6.Final\hibernate-commons-annotations-6.0.6.Final.jar;C:\Users\jloarte\.m2\repository\io\smallrye\jandex\3.1.2\jandex-3.1.2.jar;C:\Users\jloarte\.m2\repository\com\fasterxml\classmate\1.6.0\classmate-1.6.0.jar;C:\Users\jloarte\.m2\repository\net\bytebuddy\byte-buddy\1.14.12\byte-buddy-1.14.12.jar;C:\Users\jloarte\.m2\repository\org\glassfish\jaxb\jaxb-runtime\4.0.5\jaxb-runtime-4.0.5.jar;C:\Users\jloarte\.m2\repository\org\glassfish\jaxb\jaxb-core\4.0.5\jaxb-core-4.0.5.jar;C:\Users\jloarte\.m2\repository\org\eclipse\angus\angus-activation\2.0.2\angus-activation-2.0.2.jar;C:\Users\jloarte\.m2\repository\org\glassfish\jaxb\txw2\4.0.5\txw2-4.0.5.jar;C:\Users\jloarte\.m2\repository\com\sun\istack\istack-commons-runtime\4.1.2\istack-commons-runtime-4.1.2.jar;C:\Users\jloarte\.m2\repository\jakarta\inject\jakarta.inject-api\2.0.1\jakarta.inject-api-2.0.1.jar;C:\Users\jloarte\.m2\repository\org\antlr\antlr4-runtime\4.13.0\antlr4-runtime-4.13.0.jar;C:\Users\jloarte\.m2\repository\org\springframework\data\spring-data-jpa\3.2.4\spring-data-jpa-3.2.4.jar;C:\Users\jloarte\.m2\repository\org\springframework\data\spring-data-commons\3.2.4\spring-data-commons-3.2.4.jar;C:\Users\jloarte\.m2\repository\org\springframework\spring-orm\6.1.5\spring-orm-6.1.5.jar;C:\Users\jloarte\.m2\repository\org\springframework\spring-context\6.1.5\spring-context-6.1.5.jar;C:\Users\jloarte\.m2\repository\org\springframework\spring-tx\6.1.5\spring-tx-6.1.5.jar;C:\Users\jloarte\.m2\repository\org\springframework\spring-beans\6.1.5\spring-beans-6.1.5.jar;C:\Users\jloarte\.m2\repository\jakarta\annotation\jakarta.annotation-api\2.1.1\jakarta.annotation-api-2.1.1.jar;C:\Users\jloarte\.m2\repository\org\slf4j\slf4j-api\2.0.12\slf4j-api-2.0.12.jar;C:\Users\jloarte\.m2\repository\org\springframework\spring-aspects\6.1.5\spring-aspects-6.1.5.jar;C:\Users\jloarte\.m2\repository\org\springframework\boot\spring-boot-starter-web\3.2.4\spring-boot-starter-web-3.2.4.jar;C:\Users\jloarte\.m2\repository\org\springframework\boot\spring-boot-starter\3.2.4\spring-boot-starter-3.2.4.jar;C:\Users\jloarte\.m2\repository\org\springframework\boot\spring-boot-starter-logging\3.2.4\spring-boot-starter-logging-3.2.4.jar;C:\Users\jloarte\.m2\repository\ch\qos\logback\logback-classic\1.4.14\logback-classic-1.4.14.jar;C:\Users\jloarte\.m2\repository\ch\qos\logback\logback-core\1.4.14\logback-core-1.4.14.jar;C:\Users\jloarte\.m2\repository\org\apache\logging\log4j\log4j-to-slf4j\2.21.1\log4j-to-slf4j-2.21.1.jar;C:\Users\jloarte\.m2\repository\org\apache\logging\log4j\log4j-api\2.21.1\log4j-api-2.21.1.jar;C:\Users\jloarte\.m2\repository\org\slf4j\jul-to-slf4j\2.0.12\jul-to-slf4j-2.0.12.jar;C:\Users\jloarte\.m2\repository\org\yaml\snakeyaml\2.2\snakeyaml-2.2.jar;C:\Users\jloarte\.m2\repository\org\springframework\boot\spring-boot-starter-json\3.2.4\spring-boot-starter-json-3.2.4.jar;C:\Users\jloarte\.m2\repository\com\fasterxml\jackson\core\jackson-databind\2.15.4\jackson-databind-2.15.4.jar;C:\Users\jloarte\.m2\repository\com\fasterxml\jackson\core\jackson-annotations\2.15.4\jackson-annotations-2.15.4.jar;C:\Users\jloarte\.m2\repository\com\fasterxml\jackson\core\jackson-core\2.15.4\jackson-core-2.15.4.jar;C:\Users\jloarte\.m2\repository\com\fasterxml\jackson\datatype\jackson-datatype-jdk8\2.15.4\jackson-datatype-jdk8-2.15.4.jar;C:\Users\jloarte\.m2\repository\com\fasterxml\jackson\datatype\jackson-datatype-jsr310\2.15.4\jackson-datatype-jsr310-2.15.4.jar;C:\Users\jloarte\.m2\repository\com\fasterxml\jackson\module\jackson-module-parameter-names\2.15.4\jackson-module-parameter-names-2.15.4.jar;C:\Users\jloarte\.m2\repository\org\springframework\boot\spring-boot-starter-tomcat\3.2.4\spring-boot-starter-tomcat-3.2.4.jar;C:\Users\jloarte\.m2\repository\org\apache\tomcat\embed\tomcat-embed-core\10.1.19\tomcat-embed-core-10.1.19.jar;C:\Users\jloarte\.m2\repository\org\apache\tomcat\embed\tomcat-embed-el\10.1.19\tomcat-embed-el-10.1.19.jar;C:\Users\jloarte\.m2\repository\org\apache\tomcat\embed\tomcat-embed-websocket\10.1.19\tomcat-embed-websocket-10.1.19.jar;C:\Users\jloarte\.m2\repository\org\springframework\spring-web\6.1.5\spring-web-6.1.5.jar;C:\Users\jloarte\.m2\repository\io\micrometer\micrometer-observation\1.12.4\micrometer-observation-1.12.4.jar;C:\Users\jloarte\.m2\repository\io\micrometer\micrometer-commons\1.12.4\micrometer-commons-1.12.4.jar;C:\Users\jloarte\.m2\repository\org\springframework\spring-webmvc\6.1.5\spring-webmvc-6.1.5.jar;C:\Users\jloarte\.m2\repository\org\springframework\spring-expression\6.1.5\spring-expression-6.1.5.jar;C:\Users\jloarte\.m2\repository\org\springframework\boot\spring-boot-devtools\3.2.4\spring-boot-devtools-3.2.4.jar;C:\Users\jloarte\.m2\repository\org\springframework\boot\spring-boot\3.2.4\spring-boot-3.2.4.jar;C:\Users\jloarte\.m2\repository\org\springframework\boot\spring-boot-autoconfigure\3.2.4\spring-boot-autoconfigure-3.2.4.jar;C:\Users\jloarte\.m2\repository\org\mariadb\jdbc\mariadb-java-client\3.3.3\mariadb-java-client-3.3.3.jar;C:\Users\jloarte\.m2\repository\com\github\waffle\waffle-jna\3.3.0\waffle-jna-3.3.0.jar;C:\Users\jloarte\.m2\repository\net\java\dev\jna\jna\5.13.0\jna-5.13.0.jar;C:\Users\jloarte\.m2\repository\net\java\dev\jna\jna-platform\5.13.0\jna-platform-5.13.0.jar;C:\Users\jloarte\.m2\repository\org\slf4j\jcl-over-slf4j\2.0.12\jcl-over-slf4j-2.0.12.jar;C:\Users\jloarte\.m2\repository\com\github\ben-manes\caffeine\caffeine\3.1.8\caffeine-3.1.8.jar;C:\Users\jloarte\.m2\repository\com\google\errorprone\error_prone_annotations\2.21.1\error_prone_annotations-2.21.1.jar;C:\Users\jloarte\.m2\repository\org\checkerframework\checker-qual\3.32.0\checker-qual-3.32.0.jar;C:\Users\jloarte\.m2\repository\jakarta\xml\bind\jakarta.xml.bind-api\4.0.2\jakarta.xml.bind-api-4.0.2.jar;C:\Users\jloarte\.m2\repository\jakarta\activation\jakarta.activation-api\2.1.3\jakarta.activation-api-2.1.3.jar;C:\Users\jloarte\.m2\repository\org\springframework\spring-core\6.1.5\spring-core-6.1.5.jar;C:\Users\jloarte\.m2\repository\org\springframework\spring-jcl\6.1.5\spring-jcl-6.1.5.jar
Launcher Type: SUN_STANDARD

[Global flags]
     intx CICompilerCount                          = 4                                         {product} {ergonomic}
     uint ConcGCThreads                            = 2                                         {product} {ergonomic}
     uint G1ConcRefinementThreads                  = 8                                         {product} {ergonomic}
   size_t G1HeapRegionSize                         = 1048576                                   {product} {ergonomic}
    uintx GCDrainStackTargetSize                   = 64                                        {product} {ergonomic}
   size_t InitialHeapSize                          = 134217728                                 {product} {ergonomic}
   size_t MarkStackSize                            = 4194304                                   {product} {ergonomic}
   size_t MaxHeapSize                              = 2116026368                                {product} {ergonomic}
   size_t MaxNewSize                               = 1268776960                                {product} {ergonomic}
   size_t MinHeapDeltaBytes                        = 1048576                                   {product} {ergonomic}
   size_t MinHeapSize                              = 8388608                                   {product} {ergonomic}
    uintx NonNMethodCodeHeapSize                   = 5839372                                {pd product} {ergonomic}
    uintx NonProfiledCodeHeapSize                  = 122909434                              {pd product} {ergonomic}
    uintx ProfiledCodeHeapSize                     = 122909434                              {pd product} {ergonomic}
    uintx ReservedCodeCacheSize                    = 251658240                              {pd product} {ergonomic}
     bool SegmentedCodeCache                       = true                                      {product} {ergonomic}
   size_t SoftMaxHeapSize                          = 2116026368                             {manageable} {ergonomic}
     bool UseCompressedOops                        = true                           {product lp64_product} {ergonomic}
     bool UseG1GC                                  = true                                      {product} {ergonomic}
     bool UseLargePagesIndividualAllocation        = false                                  {pd product} {ergonomic}

Logging:
Log output configuration:
 #0: stdout all=warning uptime,level,tags foldmultilines=false
 #1: stderr all=off uptime,level,tags foldmultilines=false

Environment Variables:
PATH=C:\Program Files\Common Files\Oracle\Java\javapath;C:\Program Files\Python312\Scripts\;C:\Program Files\Python312\;C:\Program Files (x86)\Common Files\Oracle\Java\javapath;C:\WINDOWS\system32;C:\WINDOWS;C:\WINDOWS\System32\Wbem;C:\WINDOWS\System32\WindowsPowerShell\v1.0\;C:\WINDOWS\System32\OpenSSH\;C:\xampp\php;C:\Program Files\EmEditor;C:\Program Files (x86)\Intel\Intel(R) Management Engine Components\DAL;C:\Program Files\Intel\Intel(R) Management Engine Components\DAL;C:\composer;C:\Program Files\dotnet\;C:\Program Files\nodejs\;C:\Program Files\Git\cmd;C:\Users\jloarte\AppData\Local\Microsoft\WindowsApps;C:\Users\jloarte\AppData\Roaming\Composer\vendor\bin;C:\Users\jloarte\AppData\Local\Programs\Microsoft VS Code\bin;C:\Users\jloarte\.dotnet\tools;C:\Users\jloarte\AppData\Roaming\Python\Python312\Scripts;C:\Users\jloarte\AppData\Roaming\npm;C:\Users\jloarte\AppData\Local\Programs\oh-my-posh\bin
USERNAME=JLOARTE
OS=Windows_NT
PROCESSOR_IDENTIFIER=Intel64 Family 6 Model 158 Stepping 9, GenuineIntel
TMP=C:\Users\jloarte\AppData\Local\Temp
TEMP=C:\Users\jloarte\AppData\Local\Temp




Periodic native trim disabled

---------------  S Y S T E M  ---------------

OS:
 Windows 10 , 64 bit Build 19041 (10.0.19041.3636)
OS uptime: 0 days 5:52 hours

CPU: total 8 (initial active 8) (4 cores per cpu, 2 threads per core) family 6 model 158 stepping 9 microcode 0xb4, cx8, cmov, fxsr, ht, mmx, 3dnowpref, sse, sse2, sse3, ssse3, sse4.1, sse4.2, popcnt, lzcnt, tsc, tscinvbit, avx, avx2, aes, erms, clmul, bmi1, bmi2, rtm, adx, fma, vzeroupper, clflush, clflushopt, rdtscp, f16c
Processor Information for all 8 processors :
  Max Mhz: 3600, Current Mhz: 3600, Mhz Limit: 3600

Memory: 4k page, system-wide physical 8071M (1083M free)
TotalPageFile size 10119M (AvailPageFile size 0M)
current process WorkingSet (physical memory assigned to process): 127M, peak: 127M
current process commit charge ("private bytes"): 254M, peak: 254M

vm_info: Java HotSpot(TM) 64-Bit Server VM (21.0.2+13-LTS-58) for windows-amd64 JRE (21.0.2+13-LTS-58), built on 2024-01-05T18:32:24Z by "mach5one" with MS VC++ 17.1 (VS2022)

END.
